<?xml version="1.0" encoding="UTF-8"?>
<testsuite xmlns:xsi="http://www.w3.org/2001/XMLSchema-instance" xsi:noNamespaceSchemaLocation="https://maven.apache.org/surefire/maven-surefire-plugin/xsd/surefire-test-report.xsd" name="com.escuela.openrewrite.AppTest" time="0.058" tests="1" errors="0" skipped="0" failures="0">
  <properties>
    <property name="java.specification.version" value="17"/>
    <property name="sun.jnu.encoding" value="UTF-8"/>
    <property name="java.class.path" value="/Users/ameya/Work/Shyam/development/src/github/openrewrite/firstORRecepie/target/test-classes:/Users/ameya/Work/Shyam/development/src/github/openrewrite/firstORRecepie/target/classes:/Users/ameya/.m2/repository/junit/junit/4.11/junit-4.11.jar:/Users/ameya/.m2/repository/org/hamcrest/hamcrest-core/1.3/hamcrest-core-1.3.jar:/Users/ameya/.m2/repository/org/openrewrite/rewrite-java/8.8.0/rewrite-java-8.8.0.jar:/Users/ameya/.m2/repository/org/openrewrite/rewrite-core/8.8.0/rewrite-core-8.8.0.jar:/Users/ameya/.m2/repository/com/fasterxml/jackson/core/jackson-databind/2.15.2/jackson-databind-2.15.2.jar:/Users/ameya/.m2/repository/com/fasterxml/jackson/dataformat/jackson-dataformat-smile/2.15.2/jackson-dataformat-smile-2.15.2.jar:/Users/ameya/.m2/repository/com/fasterxml/jackson/module/jackson-module-parameter-names/2.15.2/jackson-module-parameter-names-2.15.2.jar:/Users/ameya/.m2/repository/org/openrewrite/tools/java-object-diff/1.0.1/java-object-diff-1.0.1.jar:/Users/ameya/.m2/repository/io/quarkus/gizmo/gizmo/1.0.11.Final/gizmo-1.0.11.Final.jar:/Users/ameya/.m2/repository/org/jboss/jandex/2.4.2.Final/jandex-2.4.2.Final.jar:/Users/ameya/.m2/repository/net/java/dev/jna/jna-platform/5.13.0/jna-platform-5.13.0.jar:/Users/ameya/.m2/repository/net/java/dev/jna/jna/5.13.0/jna-5.13.0.jar:/Users/ameya/.m2/repository/org/apache/commons/commons-compress/1.24.0/commons-compress-1.24.0.jar:/Users/ameya/.m2/repository/org/yaml/snakeyaml/2.2/snakeyaml-2.2.jar:/Users/ameya/.m2/repository/org/openrewrite/rewrite-yaml/8.8.0/rewrite-yaml-8.8.0.jar:/Users/ameya/.m2/repository/org/openrewrite/rewrite-xml/8.8.0/rewrite-xml-8.8.0.jar:/Users/ameya/.m2/repository/io/micrometer/micrometer-core/1.9.16/micrometer-core-1.9.16.jar:/Users/ameya/.m2/repository/org/hdrhistogram/HdrHistogram/2.1.12/HdrHistogram-2.1.12.jar:/Users/ameya/.m2/repository/org/latencyutils/LatencyUtils/2.0.3/LatencyUtils-2.0.3.jar:/Users/ameya/.m2/repository/org/jetbrains/annotations/24.0.1/annotations-24.0.1.jar:/Users/ameya/.m2/repository/com/fasterxml/jackson/core/jackson-annotations/2.15.2/jackson-annotations-2.15.2.jar:/Users/ameya/.m2/repository/org/antlr/antlr4/4.11.1/antlr4-4.11.1.jar:/Users/ameya/.m2/repository/org/antlr/antlr4-runtime/4.11.1/antlr4-runtime-4.11.1.jar:/Users/ameya/.m2/repository/org/antlr/antlr-runtime/3.5.3/antlr-runtime-3.5.3.jar:/Users/ameya/.m2/repository/org/antlr/ST4/4.3.4/ST4-4.3.4.jar:/Users/ameya/.m2/repository/org/abego/treelayout/org.abego.treelayout.core/1.0.3/org.abego.treelayout.core-1.0.3.jar:/Users/ameya/.m2/repository/org/glassfish/javax.json/1.1.4/javax.json-1.1.4.jar:/Users/ameya/.m2/repository/com/ibm/icu/icu4j/71.1/icu4j-71.1.jar:/Users/ameya/.m2/repository/org/apache/commons/commons-lang3/3.13.0/commons-lang3-3.13.0.jar:/Users/ameya/.m2/repository/org/apache/commons/commons-text/1.10.0/commons-text-1.10.0.jar:/Users/ameya/.m2/repository/io/github/classgraph/classgraph/4.8.163/classgraph-4.8.163.jar:/Users/ameya/.m2/repository/org/xerial/snappy/snappy-java/1.1.10.5/snappy-java-1.1.10.5.jar:/Users/ameya/.m2/repository/io/github/fastfilter/fastfilter/1.0.2/fastfilter-1.0.2.jar:/Users/ameya/.m2/repository/org/ow2/asm/asm/9.6/asm-9.6.jar:/Users/ameya/.m2/repository/org/ow2/asm/asm-util/9.6/asm-util-9.6.jar:/Users/ameya/.m2/repository/org/ow2/asm/asm-tree/9.6/asm-tree-9.6.jar:/Users/ameya/.m2/repository/org/ow2/asm/asm-analysis/9.6/asm-analysis-9.6.jar:/Users/ameya/.m2/repository/org/openrewrite/rewrite-java-8/8.8.0/rewrite-java-8-8.8.0.jar:/Users/ameya/.m2/repository/org/projectlombok/lombok/1.18.24/lombok-1.18.24.jar:/Users/ameya/.m2/repository/org/openrewrite/rewrite-test/8.8.0/rewrite-test-8.8.0.jar:/Users/ameya/.m2/repository/org/junit/jupiter/junit-jupiter-api/5.10.0/junit-jupiter-api-5.10.0.jar:/Users/ameya/.m2/repository/org/opentest4j/opentest4j/1.3.0/opentest4j-1.3.0.jar:/Users/ameya/.m2/repository/org/junit/platform/junit-platform-commons/1.10.0/junit-platform-commons-1.10.0.jar:/Users/ameya/.m2/repository/org/apiguardian/apiguardian-api/1.1.2/apiguardian-api-1.1.2.jar:/Users/ameya/.m2/repository/org/junit/jupiter/junit-jupiter-params/5.10.0/junit-jupiter-params-5.10.0.jar:/Users/ameya/.m2/repository/org/assertj/assertj-core/3.24.2/assertj-core-3.24.2.jar:/Users/ameya/.m2/repository/net/bytebuddy/byte-buddy/1.12.21/byte-buddy-1.12.21.jar:/Users/ameya/.m2/repository/com/fasterxml/jackson/dataformat/jackson-dataformat-csv/2.15.2/jackson-dataformat-csv-2.15.2.jar:/Users/ameya/.m2/repository/com/fasterxml/jackson/core/jackson-core/2.15.2/jackson-core-2.15.2.jar:/Users/ameya/.m2/repository/org/slf4j/slf4j-api/1.7.36/slf4j-api-1.7.36.jar:/Users/ameya/.m2/repository/org/eclipse/jgit/org.eclipse.jgit/5.13.2.202306221912-r/org.eclipse.jgit-5.13.2.202306221912-r.jar:/Users/ameya/.m2/repository/com/googlecode/javaewah/JavaEWAH/1.1.13/JavaEWAH-1.1.13.jar:"/>
    <property name="java.vm.vendor" value="Oracle Corporation"/>
    <property name="sun.arch.data.model" value="64"/>
    <property name="java.vendor.url" value="https://java.oracle.com/"/>
    <property name="os.name" value="Mac OS X"/>
    <property name="java.vm.specification.version" value="17"/>
    <property name="sun.java.launcher" value="SUN_STANDARD"/>
    <property name="user.country" value="US"/>
    <property name="sun.boot.library.path" value="/Users/ameya/Library/Java/JavaVirtualMachines/openjdk-17/Contents/Home/lib"/>
    <property name="sun.java.command" value="/Users/ameya/Work/Shyam/development/src/github/openrewrite/firstORRecepie/target/surefire/surefirebooter9029893730111986061.jar /Users/ameya/Work/Shyam/development/src/github/openrewrite/firstORRecepie/target/surefire 2023-10-31T08-42-31_527-jvmRun1 surefire7199667250911431126tmp surefire_03126352405254417601tmp"/>
    <property name="http.nonProxyHosts" value="local|*.local|169.254/16|*.169.254/16"/>
    <property name="jdk.debug" value="release"/>
    <property name="surefire.test.class.path" value="/Users/ameya/Work/Shyam/development/src/github/openrewrite/firstORRecepie/target/test-classes:/Users/ameya/Work/Shyam/development/src/github/openrewrite/firstORRecepie/target/classes:/Users/ameya/.m2/repository/junit/junit/4.11/junit-4.11.jar:/Users/ameya/.m2/repository/org/hamcrest/hamcrest-core/1.3/hamcrest-core-1.3.jar:/Users/ameya/.m2/repository/org/openrewrite/rewrite-java/8.8.0/rewrite-java-8.8.0.jar:/Users/ameya/.m2/repository/org/openrewrite/rewrite-core/8.8.0/rewrite-core-8.8.0.jar:/Users/ameya/.m2/repository/com/fasterxml/jackson/core/jackson-databind/2.15.2/jackson-databind-2.15.2.jar:/Users/ameya/.m2/repository/com/fasterxml/jackson/dataformat/jackson-dataformat-smile/2.15.2/jackson-dataformat-smile-2.15.2.jar:/Users/ameya/.m2/repository/com/fasterxml/jackson/module/jackson-module-parameter-names/2.15.2/jackson-module-parameter-names-2.15.2.jar:/Users/ameya/.m2/repository/org/openrewrite/tools/java-object-diff/1.0.1/java-object-diff-1.0.1.jar:/Users/ameya/.m2/repository/io/quarkus/gizmo/gizmo/1.0.11.Final/gizmo-1.0.11.Final.jar:/Users/ameya/.m2/repository/org/jboss/jandex/2.4.2.Final/jandex-2.4.2.Final.jar:/Users/ameya/.m2/repository/net/java/dev/jna/jna-platform/5.13.0/jna-platform-5.13.0.jar:/Users/ameya/.m2/repository/net/java/dev/jna/jna/5.13.0/jna-5.13.0.jar:/Users/ameya/.m2/repository/org/apache/commons/commons-compress/1.24.0/commons-compress-1.24.0.jar:/Users/ameya/.m2/repository/org/yaml/snakeyaml/2.2/snakeyaml-2.2.jar:/Users/ameya/.m2/repository/org/openrewrite/rewrite-yaml/8.8.0/rewrite-yaml-8.8.0.jar:/Users/ameya/.m2/repository/org/openrewrite/rewrite-xml/8.8.0/rewrite-xml-8.8.0.jar:/Users/ameya/.m2/repository/io/micrometer/micrometer-core/1.9.16/micrometer-core-1.9.16.jar:/Users/ameya/.m2/repository/org/hdrhistogram/HdrHistogram/2.1.12/HdrHistogram-2.1.12.jar:/Users/ameya/.m2/repository/org/latencyutils/LatencyUtils/2.0.3/LatencyUtils-2.0.3.jar:/Users/ameya/.m2/repository/org/jetbrains/annotations/24.0.1/annotations-24.0.1.jar:/Users/ameya/.m2/repository/com/fasterxml/jackson/core/jackson-annotations/2.15.2/jackson-annotations-2.15.2.jar:/Users/ameya/.m2/repository/org/antlr/antlr4/4.11.1/antlr4-4.11.1.jar:/Users/ameya/.m2/repository/org/antlr/antlr4-runtime/4.11.1/antlr4-runtime-4.11.1.jar:/Users/ameya/.m2/repository/org/antlr/antlr-runtime/3.5.3/antlr-runtime-3.5.3.jar:/Users/ameya/.m2/repository/org/antlr/ST4/4.3.4/ST4-4.3.4.jar:/Users/ameya/.m2/repository/org/abego/treelayout/org.abego.treelayout.core/1.0.3/org.abego.treelayout.core-1.0.3.jar:/Users/ameya/.m2/repository/org/glassfish/javax.json/1.1.4/javax.json-1.1.4.jar:/Users/ameya/.m2/repository/com/ibm/icu/icu4j/71.1/icu4j-71.1.jar:/Users/ameya/.m2/repository/org/apache/commons/commons-lang3/3.13.0/commons-lang3-3.13.0.jar:/Users/ameya/.m2/repository/org/apache/commons/commons-text/1.10.0/commons-text-1.10.0.jar:/Users/ameya/.m2/repository/io/github/classgraph/classgraph/4.8.163/classgraph-4.8.163.jar:/Users/ameya/.m2/repository/org/xerial/snappy/snappy-java/1.1.10.5/snappy-java-1.1.10.5.jar:/Users/ameya/.m2/repository/io/github/fastfilter/fastfilter/1.0.2/fastfilter-1.0.2.jar:/Users/ameya/.m2/repository/org/ow2/asm/asm/9.6/asm-9.6.jar:/Users/ameya/.m2/repository/org/ow2/asm/asm-util/9.6/asm-util-9.6.jar:/Users/ameya/.m2/repository/org/ow2/asm/asm-tree/9.6/asm-tree-9.6.jar:/Users/ameya/.m2/repository/org/ow2/asm/asm-analysis/9.6/asm-analysis-9.6.jar:/Users/ameya/.m2/repository/org/openrewrite/rewrite-java-8/8.8.0/rewrite-java-8-8.8.0.jar:/Users/ameya/.m2/repository/org/projectlombok/lombok/1.18.24/lombok-1.18.24.jar:/Users/ameya/.m2/repository/org/openrewrite/rewrite-test/8.8.0/rewrite-test-8.8.0.jar:/Users/ameya/.m2/repository/org/junit/jupiter/junit-jupiter-api/5.10.0/junit-jupiter-api-5.10.0.jar:/Users/ameya/.m2/repository/org/opentest4j/opentest4j/1.3.0/opentest4j-1.3.0.jar:/Users/ameya/.m2/repository/org/junit/platform/junit-platform-commons/1.10.0/junit-platform-commons-1.10.0.jar:/Users/ameya/.m2/repository/org/apiguardian/apiguardian-api/1.1.2/apiguardian-api-1.1.2.jar:/Users/ameya/.m2/repository/org/junit/jupiter/junit-jupiter-params/5.10.0/junit-jupiter-params-5.10.0.jar:/Users/ameya/.m2/repository/org/assertj/assertj-core/3.24.2/assertj-core-3.24.2.jar:/Users/ameya/.m2/repository/net/bytebuddy/byte-buddy/1.12.21/byte-buddy-1.12.21.jar:/Users/ameya/.m2/repository/com/fasterxml/jackson/dataformat/jackson-dataformat-csv/2.15.2/jackson-dataformat-csv-2.15.2.jar:/Users/ameya/.m2/repository/com/fasterxml/jackson/core/jackson-core/2.15.2/jackson-core-2.15.2.jar:/Users/ameya/.m2/repository/org/slf4j/slf4j-api/1.7.36/slf4j-api-1.7.36.jar:/Users/ameya/.m2/repository/org/eclipse/jgit/org.eclipse.jgit/5.13.2.202306221912-r/org.eclipse.jgit-5.13.2.202306221912-r.jar:/Users/ameya/.m2/repository/com/googlecode/javaewah/JavaEWAH/1.1.13/JavaEWAH-1.1.13.jar:"/>
    <property name="sun.cpu.endian" value="little"/>
    <property name="user.home" value="/Users/ameya"/>
    <property name="user.language" value="en"/>
    <property name="java.specification.vendor" value="Oracle Corporation"/>
    <property name="java.version.date" value="2021-09-14"/>
    <property name="java.home" value="/Users/ameya/Library/Java/JavaVirtualMachines/openjdk-17/Contents/Home"/>
    <property name="file.separator" value="/"/>
    <property name="basedir" value="/Users/ameya/Work/Shyam/development/src/github/openrewrite/firstORRecepie"/>
    <property name="java.vm.compressedOopsMode" value="Zero based"/>
    <property name="line.separator" value="&#10;"/>
    <property name="java.specification.name" value="Java Platform API Specification"/>
    <property name="java.vm.specification.vendor" value="Oracle Corporation"/>
    <property name="surefire.real.class.path" value="/Users/ameya/Work/Shyam/development/src/github/openrewrite/firstORRecepie/target/surefire/surefirebooter9029893730111986061.jar"/>
    <property name="sun.management.compiler" value="HotSpot 64-Bit Tiered Compilers"/>
    <property name="ftp.nonProxyHosts" value="local|*.local|169.254/16|*.169.254/16"/>
    <property name="java.runtime.version" value="17+35-2724"/>
    <property name="user.name" value="ameya"/>
    <property name="path.separator" value=":"/>
    <property name="os.version" value="12.2.1"/>
    <property name="java.runtime.name" value="OpenJDK Runtime Environment"/>
    <property name="file.encoding" value="UTF-8"/>
    <property name="java.vm.name" value="OpenJDK 64-Bit Server VM"/>
    <property name="localRepository" value="/Users/ameya/.m2/repository"/>
    <property name="java.vendor.url.bug" value="https://bugreport.java.com/bugreport/"/>
    <property name="java.io.tmpdir" value="/var/folders/1c/r0w3ghlx2vl53fwyqdxyyfsw0000gn/T/"/>
    <property name="idea.version" value="2023.2.1"/>
    <property name="java.version" value="17"/>
    <property name="user.dir" value="/Users/ameya/Work/Shyam/development/src/github/openrewrite/firstORRecepie"/>
    <property name="os.arch" value="x86_64"/>
    <property name="java.vm.specification.name" value="Java Virtual Machine Specification"/>
    <property name="native.encoding" value="UTF-8"/>
    <property name="java.library.path" value="/Users/ameya/Library/Java/Extensions:/Library/Java/Extensions:/Network/Library/Java/Extensions:/System/Library/Java/Extensions:/usr/lib/java:."/>
    <property name="java.vm.info" value="mixed mode, sharing"/>
    <property name="java.vendor" value="Oracle Corporation"/>
    <property name="java.vm.version" value="17+35-2724"/>
    <property name="sun.io.unicode.encoding" value="UnicodeBig"/>
    <property name="socksNonProxyHosts" value="local|*.local|169.254/16|*.169.254/16"/>
    <property name="java.class.version" value="61.0"/>
  </properties>
  <testcase name="shouldAnswerWithTrue" classname="com.escuela.openrewrite.AppTest" time="0.005"/>
</testsuite>